<?xml version="1.0" encoding="UTF-8"?>
<!-- Generated by org.testng.reporters.JUnitXMLReporter -->
<testsuite ignored="0" hostname="DESKTOP-RA9KB26" failures="1" tests="3" name="Test" time="0.06" errors="0" timestamp="2024-10-05T14:57:54 IST">
  <testcase classname="Listners.Listner_Run" name="Mc" time="0.01"/>
  <testcase classname="Listners.Listner_Run" name="Fd" time="0.003">
    <failure type="java.lang.AssertionError" message="null">
      <![CDATA[java.lang.AssertionError: null
at Listners.Listner_Run.Fd(Listner_Run.java:16)
at java.base/java.util.ArrayList.forEach(ArrayList.java:1596)
... Removed 27 stack frames]]>
    </failure>
  </testcase> <!-- Fd -->
  <testcase classname="Listners.Listner_Run" name="Th" time="0.0">
    <skipped/>
  </testcase> <!-- Th -->
</testsuite> <!-- Test -->
