<?xml version="1.0" encoding="UTF-8"?>
<testng-results ignored="0" total="1" passed="1" failed="0" skipped="0">
  <reporter-output>
  </reporter-output>
  <suite started-at="2024-10-16T16:23:19 IST" name="Default suite" finished-at="2024-10-16T16:23:38 IST" duration-ms="19128">
    <groups>
    </groups>
    <test started-at="2024-10-16T16:23:19 IST" name="Default test" finished-at="2024-10-16T16:23:38 IST" duration-ms="19128">
      <class name="Practice_Annotations.Generic_Practice_Annotations">
        <test-method is-config="true" signature="Meta_Launch()[pri:0, instance:Practice_Annotations.Generic_Practice_Annotations@3cebbb30]" started-at="2024-10-16T16:23:19 IST" name="Meta_Launch" finished-at="2024-10-16T16:23:20 IST" duration-ms="1443" status="PASS">
          <reporter-output>
          </reporter-output>
        </test-method> <!-- Meta_Launch -->
        <test-method is-config="true" signature="Meta_Url()[pri:0, instance:Practice_Annotations.Generic_Practice_Annotations@3cebbb30]" started-at="2024-10-16T16:23:20 IST" name="Meta_Url" finished-at="2024-10-16T16:23:21 IST" duration-ms="954" status="PASS">
          <reporter-output>
          </reporter-output>
        </test-method> <!-- Meta_Url -->
        <test-method is-config="true" signature="Meta_Login()[pri:0, instance:Practice_Annotations.Generic_Practice_Annotations@3cebbb30]" started-at="2024-10-16T16:23:21 IST" name="Meta_Login" finished-at="2024-10-16T16:23:24 IST" duration-ms="2560" status="PASS">
          <reporter-output>
          </reporter-output>
        </test-method> <!-- Meta_Login -->
        <test-method signature="action()[pri:0, instance:Practice_Annotations.Generic_Practice_Annotations@3cebbb30]" started-at="2024-10-16T16:23:24 IST" name="action" finished-at="2024-10-16T16:23:32 IST" duration-ms="8574" status="PASS">
          <reporter-output>
          </reporter-output>
        </test-method> <!-- action -->
        <test-method is-config="true" signature="Photo()[pri:0, instance:Practice_Annotations.Generic_Practice_Annotations@3cebbb30]" started-at="2024-10-16T16:23:32 IST" name="Photo" finished-at="2024-10-16T16:23:33 IST" duration-ms="344" status="PASS">
          <reporter-output>
          </reporter-output>
        </test-method> <!-- Photo -->
        <test-method is-config="true" signature="Success()[pri:0, instance:Practice_Annotations.Generic_Practice_Annotations@3cebbb30]" started-at="2024-10-16T16:23:33 IST" name="Success" finished-at="2024-10-16T16:23:33 IST" duration-ms="2" status="PASS">
          <reporter-output>
          </reporter-output>
        </test-method> <!-- Success -->
        <test-method is-config="true" signature="Meta_close()[pri:0, instance:Practice_Annotations.Generic_Practice_Annotations@3cebbb30]" started-at="2024-10-16T16:23:33 IST" name="Meta_close" finished-at="2024-10-16T16:23:38 IST" duration-ms="5198" status="PASS">
          <reporter-output>
          </reporter-output>
        </test-method> <!-- Meta_close -->
      </class> <!-- Practice_Annotations.Generic_Practice_Annotations -->
    </test> <!-- Default test -->
  </suite> <!-- Default suite -->
</testng-results>
